\BOOKMARK [1][-]{section*.6}{Glossar}{}% 1
\BOOKMARK [1][-]{section*.7}{Akronyme}{}% 2
\BOOKMARK [0][-]{chapter.1}{Einleitung}{}% 3
\BOOKMARK [1][-]{section.1.1}{Motivation}{chapter.1}% 4
\BOOKMARK [1][-]{section.1.2}{Ziel der Arbeit}{chapter.1}% 5
\BOOKMARK [0][-]{chapter.2}{Vorbereitungen}{}% 6
\BOOKMARK [1][-]{section.2.1}{Wahl des passenden Mediums}{chapter.2}% 7
\BOOKMARK [2][-]{subsection.2.1.1}{Eignung von acr:AR und acr:VR im Bezug auf 3D-Datennotation}{section.2.1}% 8
\BOOKMARK [2][-]{subsection.2.1.2}{acr:AR-Brillen im Vergleich}{section.2.1}% 9
\BOOKMARK [2][-]{subsection.2.1.3}{acr:VR-Brillen im Vergleich}{section.2.1}% 10
\BOOKMARK [2][-]{subsection.2.1.4}{Zusammenfassung und Entscheidung}{section.2.1}% 11
\BOOKMARK [1][-]{section.2.2}{Wahl des passenden Rechners}{chapter.2}% 12
\BOOKMARK [1][-]{section.2.3}{Wahl der passenden Entwicklungsplattform}{chapter.2}% 13
\BOOKMARK [0][-]{chapter.3}{Grundlagen}{}% 14
\BOOKMARK [1][-]{section.3.1}{Maschinelles Lernen}{chapter.3}% 15
\BOOKMARK [2][-]{subsection.3.1.1}{Künstliche Neuronale Netze}{section.3.1}% 16
\BOOKMARK [2][-]{subsection.3.1.2}{Trainieren von Neuronalen Netzen}{section.3.1}% 17
\BOOKMARK [1][-]{section.3.2}{Die Unity Engine}{chapter.3}% 18
\BOOKMARK [1][-]{section.3.3}{Lidar-Sensor}{chapter.3}% 19
\BOOKMARK [1][-]{section.3.4}{Das C.LABEL Tool}{chapter.3}% 20
\BOOKMARK [0][-]{chapter.4}{C.LABEL VR}{}% 21
\BOOKMARK [1][-]{section.4.1}{Import und Export von Daten}{chapter.4}% 22
\BOOKMARK [2][-]{subsection.4.1.1}{Architektur}{section.4.1}% 23
\BOOKMARK [2][-]{subsection.4.1.2}{HDF5-Beispiel}{section.4.1}% 24
\BOOKMARK [1][-]{section.4.2}{Generierung einer Punktwolke}{chapter.4}% 25
\BOOKMARK [2][-]{subsection.4.2.1}{Interne Datenstruktur}{section.4.2}% 26
\BOOKMARK [2][-]{subsection.4.2.2}{Generierung}{section.4.2}% 27
\BOOKMARK [2][-]{subsection.4.2.3}{Optimierung}{section.4.2}% 28
\BOOKMARK [1][-]{section.4.3}{Navigation}{chapter.4}% 29
\BOOKMARK [2][-]{subsection.4.3.1}{VR-Krankheit}{section.4.3}% 30
\BOOKMARK [2][-]{subsection.4.3.2}{Freier Flug}{section.4.3}% 31
\BOOKMARK [2][-]{subsection.4.3.3}{Teleport}{section.4.3}% 32
\BOOKMARK [1][-]{section.4.4}{Annotieren der Punktwolke}{chapter.4}% 33
\BOOKMARK [2][-]{subsection.4.4.1}{Pointer Labeling}{section.4.4}% 34
\BOOKMARK [2][-]{subsection.4.4.2}{Clustering}{section.4.4}% 35
\BOOKMARK [1][-]{section.4.5}{Ingame Menu}{chapter.4}% 36
\BOOKMARK [2][-]{subsection.4.5.1}{Movement}{section.4.5}% 37
\BOOKMARK [2][-]{subsection.4.5.2}{Labelclasses}{section.4.5}% 38
\BOOKMARK [0][-]{chapter.5}{Schluss}{}% 39
\BOOKMARK [1][-]{section.5.1}{Zusammenfassung}{chapter.5}% 40
\BOOKMARK [1][-]{section.5.2}{Herausforderungen}{chapter.5}% 41
\BOOKMARK [1][-]{section.5.3}{Ausblick}{chapter.5}% 42
\BOOKMARK [0][-]{appendix.A}{Appendix Title}{}% 43
