This is LuaTeX, Version 1.06.2 (MiKTeX 2.9.6500 64-bit)  (format=lualatex 2017.12.19)  9 MAR 2018 12:24
 restricted system commands enabled.
**Grundlagen.tex
(./Grundlagen.tex
LaTeX2e <2017-04-15>
Lua module: luaotfload-main 2017/01/29 2.80001 OpenType layout system.
Lua module: lualibs 2017-02-01 2.5 ConTeXt Lua standard libraries.
Lua module: lualibs-extended 2017-02-01 2.5 ConTeXt Lua libraries -- extended co
llection.(using cache: C:/Users/gruepazu/AppData/Local/MiKTeX/2.9/luatex-cache/g
eneric)
luaotfload | conf : Root cache directory is C:/Users/gruepazu/AppData/Local/MiKT
eX/2.9/luatex-cache/generic/names.
luaotfload | init : Loading fontloader “fontloader-2017-02-11.lua” from kpse
-resolved path “C:/Users/gruepazu/AppData/Local/Programs/MiKTeX 2.9/tex/luatex
/luaotfload/fontloader-2017-02-11.lua”.
Lua-only attribute luaotfload@state = 1
Lua-only attribute luaotfload@noligature = 2
Lua-only attribute luaotfload@syllabe = 3
luaotfload | init : Context OpenType loader version “3.027”
Inserting `luaotfload.node_processor' at position 1 in `pre_linebreak_filter'.
Inserting `luaotfload.node_processor' at position 1 in `hpack_filter'.
Inserting `luaotfload.define_font' at position 1 in `define_font'.
Lua-only attribute luaotfload_color_attribute = 4
luaotfload | conf : Root cache directory is C:/Users/gruepazu/AppData/Local/MiKT
eX/2.9/luatex-cache/generic/names.
Inserting `luaotfload.aux.set_sscale_dimens' at position 1 in `luaotfload.patch_
font'.
Inserting `luaotfload.aux.patch_cambria_domh' at position 2 in `luaotfload.patch
_font'.
Inserting `luaotfload.aux.fixup_fontdata' at position 1 in `luaotfload.patch_fon
t_unsafe'.
Inserting `luaotfload.aux.set_capheight' at position 3 in `luaotfload.patch_font
'.
Inserting `luaotfload.rewrite_fontname' at position 4 in `luaotfload.patch_font'
.
luaotfload | main : initialization completed in 0.632 seconds
Babel <3.15> and hyphenation patterns for 1 language(s) loaded.
! Undefined control sequence.
l.1 \graphicspath
               {{Kapitel/Kapitel3_Grundlagen/Images/}}
The control sequence at the end of the top line
of your error message was never \def'ed. If you have
misspelled it (e.g., `\hobx'), type `I' and the correct
spelling (e.g., `I\hbox'). Otherwise just continue,
and I'll forget about whatever was undefined.


! LaTeX Error: Missing \begin{document}.

See the LaTeX manual or LaTeX Companion for explanation.
Type  H <return>  for immediate help.
 ...                                              
                                                  
l.1 \graphicspath{{K
                  apitel/Kapitel3_Grundlagen/Images/}}
You're in trouble here.  Try typing  <return>  to proceed.
If that doesn't work, type  X <return>  to quit.

! Missing $ inserted.
<inserted text> 
$
l.1 \graphicspath{{Kapitel/Kapitel3_
                                  Grundlagen/Images/}}
I've inserted a begin-math/end-math symbol since I think
you left one out. Proceed, with fingers crossed.

LaTeX Font Info:    External font `cmex10' loaded for size
(Font)              <7> on input line 1.
LaTeX Font Info:    External font `cmex10' loaded for size
(Font)              <5> on input line 1.
! Extra }, or forgotten $.
l.1 ...icspath{{Kapitel/Kapitel3_Grundlagen/Images/}
                                                  }
I've deleted a group-closing symbol because it seems to be
spurious, as in `$x}$'. But perhaps the } is legitimate and
you forgot something else, as in `\hbox{$x}'. In such cases
the way to recover is to insert both the forgotten and the
deleted material, e.g., by typing `I$}'.

! Extra }, or forgotten $.
l.1 ...cspath{{Kapitel/Kapitel3_Grundlagen/Images/}}
                                                  
I've deleted a group-closing symbol because it seems to be
spurious, as in `$x}$'. But perhaps the } is legitimate and
you forgot something else, as in `\hbox{$x}'. In such cases
the way to recover is to insert both the forgotten and the
deleted material, e.g., by typing `I$}'.

! Missing $ inserted.
<inserted text> 
$
l.2 
  
I've inserted a begin-math/end-math symbol since I think
you left one out. Proceed, with fingers crossed.


Overfull \hbox (116.41951pt too wide) in paragraph at lines 1--2
[]Kapitel/Kapitel3$[][]\OML/cmm/m/it/10 rundlagen=Images=$ 
 []


! LaTeX Error: Missing \begin{document}.

See the LaTeX manual or LaTeX Companion for explanation.
Type  H <return>  for immediate help.
 ...                                              
                                                  
l.3 D
   ieses Kapitel befasst sich mit einigen grundlegenden Themen, die mit dem ...
You're in trouble here.  Try typing  <return>  to proceed.
If that doesn't work, type  X <return>  to quit.

luaotfload | db : Font names database loaded from C:/Users/gruepazu/AppData/Loca
l/MiKTeX/2.9/luatex-cache/generic/names/luaotfload-names.luc(load luc: C:/Users/
gruepazu/AppData/Local/MiKTeX/2.9/luatex-cache/generic/fonts/otl/lmroman10-regul
ar.luc)(load luc: C:/Users/gruepazu/AppData/Local/MiKTeX/2.9/luatex-cache/generi
c/fonts/otl/lmroman10-bold.luc)
! Undefined control sequence.
<write> ...ng: Reference `sec:MLearning' on page \thepage 
                                                  \space undefined\on@line .
l.3 ...tel dienen. Der Abschnitt \ref{sec:MLearning}
                                                   beispielsweise, befasst s...
The control sequence at the end of the top line
of your error message was never \def'ed. If you have
misspelled it (e.g., `\hobx'), type `I' and the correct
spelling (e.g., `I\hbox'). Otherwise just continue,
and I'll forget about whatever was undefined.


LaTeX Warning: Reference `sec:MLearning' on page  undefined on input line 3.

! Undefined control sequence.
l.3 ...die Daten der Punktwolken überhaupt \glslink
                                                  {glos:Labeling}{gelabelt} ...
The control sequence at the end of the top line
of your error message was never \def'ed. If you have
misspelled it (e.g., `\hobx'), type `I' and the correct
spelling (e.g., `I\hbox'). Otherwise just continue,
and I'll forget about whatever was undefined.

! Undefined control sequence.
<write> ...ning: Reference `sec:C.LABEL' on page \thepage 
                                                  \space undefined\on@line .
l.3 ...Inhouse Software C.LABEL in \ref{sec:C.LABEL}
                                                   vorgestellt um den aktuel...
The control sequence at the end of the top line
of your error message was never \def'ed. If you have
misspelled it (e.g., `\hobx'), type `I' and the correct
spelling (e.g., `I\hbox'). Otherwise just continue,
and I'll forget about whatever was undefined.


LaTeX Warning: Reference `sec:C.LABEL' on page  undefined on input line 3.

! Undefined control sequence.
<write> ...: Reference `sec:UnityEngine' on page \thepage 
                                                  \space undefined\on@line .
l.3 ...nannotierung zu zeigen. \ref{sec:UnityEngine}
                                                   stellt die \glslink{glos:...
The control sequence at the end of the top line
of your error message was never \def'ed. If you have
misspelled it (e.g., `\hobx'), type `I' and the correct
spelling (e.g., `I\hbox'). Otherwise just continue,
and I'll forget about whatever was undefined.


LaTeX Warning: Reference `sec:UnityEngine' on page  undefined on input line 3.

! Undefined control sequence.
l.3 ...en. \ref{sec:UnityEngine} stellt die \glslink
                                                  {glos:GameEngine} Unity vo...
The control sequence at the end of the top line
of your error message was never \def'ed. If you have
misspelled it (e.g., `\hobx'), type `I' and the correct
spelling (e.g., `I\hbox'). Otherwise just continue,
and I'll forget about whatever was undefined.

! Undefined control sequence.
l.3 ... Unity vor, die benutzt wurde um die \acrlong
                                                  {acr:VR} Applikation zu er...
The control sequence at the end of the top line
of your error message was never \def'ed. If you have
misspelled it (e.g., `\hobx'), type `I' and the correct
spelling (e.g., `I\hbox'). Otherwise just continue,
and I'll forget about whatever was undefined.


Overfull \hbox (20.0pt too wide) in paragraph at lines 3--4
[]Dieses
 []


Overfull \hbox (10.85999pt too wide) in paragraph at lines 3--4
[]
 []


Overfull \hbox (10.85999pt too wide) in paragraph at lines 3--4
[]
 []


Overfull \hbox (10.85999pt too wide) in paragraph at lines 3--4
[]
 []

! Undefined control sequence.
l.5 \section
          {Maschinelles Lernen}
The control sequence at the end of the top line
of your error message was never \def'ed. If you have
misspelled it (e.g., `\hobx'), type `I' and the correct
spelling (e.g., `I\hbox'). Otherwise just continue,
and I'll forget about whatever was undefined.


! LaTeX Error: Missing \begin{document}.

See the LaTeX manual or LaTeX Companion for explanation.
Type  H <return>  for immediate help.
 ...                                              
                                                  
l.5 \section{M
            aschinelles Lernen}
You're in trouble here.  Try typing  <return>  to proceed.
If that doesn't work, type  X <return>  to quit.

(load luc: C:/Users/gruepazu/AppData/Local/MiKTeX/2.9/luatex-cache/generic/fonts
/otl/lmroman10-italic.luc)
! Undefined control sequence.
<write> ...Warning: Reference `fig:MLCS' on page \thepage 
                                                  \space undefined\on@line .
l.7 ...t eine Graphik (vgl. Abbildung \ref{fig:MLCS}
                                                  ) mit der man den richtige...
The control sequence at the end of the top line
of your error message was never \def'ed. If you have
misspelled it (e.g., `\hobx'), type `I' and the correct
spelling (e.g., `I\hbox'). Otherwise just continue,
and I'll forget about whatever was undefined.


LaTeX Warning: Reference `fig:MLCS' on page  undefined on input line 7.

! Undefined control sequence.
l.7 ...chtigen Lernalgorithmus für gewisse \glslink
                                                  {glos:PredAna} Methoden be...
The control sequence at the end of the top line
of your error message was never \def'ed. If you have
misspelled it (e.g., `\hobx'), type `I' and the correct
spelling (e.g., `I\hbox'). Otherwise just continue,
and I'll forget about whatever was undefined.

! Undefined control sequence.
<write> ...Warning: Reference `fig:MLCS' on page \thepage 
                                                  \space undefined\on@line .
l.7 ...men. Basierend auf der Graphik \ref{fig:MLCS}
                                                   ist die beste Methode daf...
The control sequence at the end of the top line
of your error message was never \def'ed. If you have
misspelled it (e.g., `\hobx'), type `I' and the correct
spelling (e.g., `I\hbox'). Otherwise just continue,
and I'll forget about whatever was undefined.


LaTeX Warning: Reference `fig:MLCS' on page  undefined on input line 7.


Overfull \hbox (20.0pt too wide) in paragraph at lines 5--8
[]Maschinelles
 []


Overfull \hbox (17.66pt too wide) in paragraph at lines 5--8
\TU/lmr/m/it/10 Ma-
 []


Overfull \hbox (23.00002pt too wide) in paragraph at lines 5--8
\TU/lmr/m/it/10 chine
 []


Overfull \hbox (28.38002pt too wide) in paragraph at lines 5--8
\TU/lmr/m/it/10 Learn-
 []


Overfull \hbox (13.76001pt too wide) in paragraph at lines 5--8
\TU/lmr/m/it/10 ing\nullfont )
 []


Overfull \hbox (10.85999pt too wide) in paragraph at lines 5--8
[])
 []


Overfull \hbox (10.85999pt too wide) in paragraph at lines 5--8
[]
 []


! LaTeX Error: Environment figure undefined.

See the LaTeX manual or LaTeX Companion for explanation.
Type  H <return>  for immediate help.
 ...                                              
                                                  
l.9 \begin{figure}
                %
Your command was ignored.
Type  I <command> <return>  to replace it with another command,
or  <return>  to continue without it.

! Undefined control sequence.
l.11     \includegraphics
                       [width=19cm, angle=270]{MLCS}\label{fig:MLCS}
The control sequence at the end of the top line
of your error message was never \def'ed. If you have
misspelled it (e.g., `\hobx'), type `I' and the correct
spelling (e.g., `I\hbox'). Otherwise just continue,
and I'll forget about whatever was undefined.


! LaTeX Error: Missing \begin{document}.

See the LaTeX manual or LaTeX Companion for explanation.
Type  H <return>  for immediate help.
 ...                                              
                                                  
l.11     \includegraphics[
                        width=19cm, angle=270]{MLCS}\label{fig:MLCS}
You're in trouble here.  Try typing  <return>  to proceed.
If that doesn't work, type  X <return>  to quit.


! LaTeX Error: \caption outside float.

See the LaTeX manual or LaTeX Companion for explanation.
Type  H <return>  for immediate help.
 ...                                              
                                                  
l.12     \caption
               {Diagramm um den besten Machine Learning Algorithmus für ein...
You're in trouble here.  Try typing  <return>  to proceed.
If that doesn't work, type  X <return>  to quit.

! Undefined control sequence.
l.12 ...hine Learning Algorithmus für eine \glslink
                                                  {glos:PredAna} Methode zu ...
The control sequence at the end of the top line
of your error message was never \def'ed. If you have
misspelled it (e.g., `\hobx'), type `I' and the correct
spelling (e.g., `I\hbox'). Otherwise just continue,
and I'll forget about whatever was undefined.


! LaTeX Error: \begin{document} ended by \end{figure}.

See the LaTeX manual or LaTeX Companion for explanation.
Type  H <return>  for immediate help.
 ...                                              
                                                  
l.13 \end{figure}
               
Your command was ignored.
Type  I <command> <return>  to replace it with another command,
or  <return>  to continue without it.

! Undefined control sequence.
l.15 \subsection
              {Künstliche Neuronale Netze}
The control sequence at the end of the top line
of your error message was never \def'ed. If you have
misspelled it (e.g., `\hobx'), type `I' and the correct
spelling (e.g., `I\hbox'). Otherwise just continue,
and I'll forget about whatever was undefined.


! LaTeX Error: Missing \begin{document}.

See the LaTeX manual or LaTeX Companion for explanation.
Type  H <return>  for immediate help.
 ...                                              
                                                  
l.15 \subsection{K
                ünstliche Neuronale Netze}
You're in trouble here.  Try typing  <return>  to proceed.
If that doesn't work, type  X <return>  to quit.

! Undefined control sequence.
l.16 ...der künstlichen neuronalen Netze (\acrshort
                                                  {acr:knn}) ist, wie vieles...
The control sequence at the end of the top line
of your error message was never \def'ed. If you have
misspelled it (e.g., `\hobx'), type `I' and the correct
spelling (e.g., `I\hbox'). Otherwise just continue,
and I'll forget about whatever was undefined.

! Undefined control sequence.
l.16 ...tellte Prinzip, wird auch bei den  \acrshort
                                                  {acr:knn}s verwendet. Übe...
The control sequence at the end of the top line
of your error message was never \def'ed. If you have
misspelled it (e.g., `\hobx'), type `I' and the correct
spelling (e.g., `I\hbox'). Otherwise just continue,
and I'll forget about whatever was undefined.


Overfull \hbox (20.0pt too wide) in paragraph at lines 15--17
[]Künstliche
 []


Overfull \hbox (25.18002pt too wide) in paragraph at lines 15--17
\TU/lmr/m/it/10 feuert\nullfont .
 []


! LaTeX Error: Missing \begin{document}.

See the LaTeX manual or LaTeX Companion for explanation.
Type  H <return>  for immediate help.
 ...                                              
                                                  
l.18 D
    ie entscheidende Komponente dieses Prinzips ist die adaptive Gewichtung ...
You're in trouble here.  Try typing  <return>  to proceed.
If that doesn't work, type  X <return>  to quit.

! Undefined control sequence.
l.18 ...esem Kontext bedeutet das, dass an die \glqq
                                                   Gefahren-Neuronen\grqq ke...
The control sequence at the end of the top line
of your error message was never \def'ed. If you have
misspelled it (e.g., `\hobx'), type `I' and the correct
spelling (e.g., `I\hbox'). Otherwise just continue,
and I'll forget about whatever was undefined.

! Undefined control sequence.
l.18 ...as, dass an die \glqq Gefahren-Neuronen\grqq
                                                   kein ausreichend starker ...
The control sequence at the end of the top line
of your error message was never \def'ed. If you have
misspelled it (e.g., `\hobx'), type `I' and the correct
spelling (e.g., `I\hbox'). Otherwise just continue,
and I'll forget about whatever was undefined.


Overfull \hbox (20.0pt too wide) in paragraph at lines 18--19
[]Die
 []


! LaTeX Error: Environment figure undefined.

See the LaTeX manual or LaTeX Companion for explanation.
Type  H <return>  for immediate help.
 ...                                              
                                                  
l.20 \begin{figure}
                 %
Your command was ignored.
Type  I <command> <return>  to replace it with another command,
or  <return>  to continue without it.

! Undefined control sequence.
l.22     \includegraphics
                       [width=13cm]{Perceptron}\label{fig:Perceptron}
The control sequence at the end of the top line
of your error message was never \def'ed. If you have
misspelled it (e.g., `\hobx'), type `I' and the correct
spelling (e.g., `I\hbox'). Otherwise just continue,
and I'll forget about whatever was undefined.


! LaTeX Error: Missing \begin{document}.

See the LaTeX manual or LaTeX Companion for explanation.
Type  H <return>  for immediate help.
 ...                                              
                                                  
l.22     \includegraphics[
                        width=13cm]{Perceptron}\label{fig:Perceptron}
You're in trouble here.  Try typing  <return>  to proceed.
If that doesn't work, type  X <return>  to quit.


! LaTeX Error: \caption outside float.

See the LaTeX manual or LaTeX Companion for explanation.
Type  H <return>  for immediate help.
 ...                                              
                                                  
l.23     \caption
               {Einfaches Perzeptron nach dem Prinzip von Frank Rosenblatt}
You're in trouble here.  Try typing  <return>  to proceed.
If that doesn't work, type  X <return>  to quit.


! LaTeX Error: \begin{document} ended by \end{figure}.

See the LaTeX manual or LaTeX Companion for explanation.
Type  H <return>  for immediate help.
 ...                                              
                                                  
l.24 \end{figure}
               
Your command was ignored.
Type  I <command> <return>  to replace it with another command,
or  <return>  to continue without it.


! LaTeX Error: Missing \begin{document}.

See the LaTeX manual or LaTeX Companion for explanation.
Type  H <return>  for immediate help.
 ...                                              
                                                  
l.26 K
    ünstliche Neuronale Netze basieren auf dem Prinzip des Perzeptrons, das...
You're in trouble here.  Try typing  <return>  to proceed.
If that doesn't work, type  X <return>  to quit.

\citation{bib:Perzeptron}
! Undefined control sequence.
<write> ... Warning: Citation `\@citeb ' on page \thepage 
                                                  \space undefined\on@line .
l.26 ...1958 vorgestellt wurde \cite{bib:Perzeptron}
                                                  . Dieses Perzeptron stellt...
The control sequence at the end of the top line
of your error message was never \def'ed. If you have
misspelled it (e.g., `\hobx'), type `I' and the correct
spelling (e.g., `I\hbox'). Otherwise just continue,
and I'll forget about whatever was undefined.


LaTeX Warning: Citation `bib:Perzeptron' on page  undefined on input line 26.

! Undefined control sequence.
<write> ...g: Reference `fig:Perceptron' on page \thepage 
                                                  \space undefined\on@line .
l.26 ... mathematisch dar (vgl. \ref{fig:Perceptron}
                                                  ). Die Eingangsdaten eines...
The control sequence at the end of the top line
of your error message was never \def'ed. If you have
misspelled it (e.g., `\hobx'), type `I' and the correct
spelling (e.g., `I\hbox'). Otherwise just continue,
and I'll forget about whatever was undefined.


LaTeX Warning: Reference `fig:Perceptron' on page  undefined on input line 26.


Overfull \hbox (20.0pt too wide) in paragraph at lines 26--27
[]Künstliche
 []


Overfull \hbox (5.43pt too wide) in paragraph at lines 26--27
[[]].
 []


Overfull \hbox (10.85999pt too wide) in paragraph at lines 26--27
[]).
 []


Overfull \hbox (6.00235pt too wide) in paragraph at lines 26--27
\OML/cmm/m/it/10 n$
 []


Overfull \hbox (36.35986pt too wide) in paragraph at lines 26--27
\OML/cmm/m/it/10 x[] [] x[]$\nullfont ,
 []


Overfull \hbox (43.8182pt too wide) in paragraph at lines 26--27
\OML/cmm/m/it/10 W[] [] W[]$
 []


Overfull \hbox (6.00235pt too wide) in paragraph at lines 26--27
\OML/cmm/m/it/10 n$
 []


Overfull \hbox (5.0903pt too wide) in paragraph at lines 26--27
\OML/cmm/m/it/10 z$
 []


! LaTeX Error: Missing \begin{document}.

See the LaTeX manual or LaTeX Companion for explanation.
Type  H <return>  for immediate help.
 ...                                              
                                                  
l.28 \begin{equation}
                   
You're in trouble here.  Try typing  <return>  to proceed.
If that doesn't work, type  X <return>  to quit.


Overfull \hbox (20.0pt too wide) in paragraph at lines 28--28
[] 
 []


Overfull \hbox (59.13069pt too wide) detected at line 30
\OML/cmm/m/it/10 z \OT1/cmr/m/n/10 = [] \OML/cmm/m/it/10 W[] \OMS/cmsy/m/n/10 
 \OML/cmm/m/it/10 x[]
 []


! LaTeX Error: Missing \begin{document}.

See the LaTeX manual or LaTeX Companion for explanation.
Type  H <return>  for immediate help.
 ...                                              
                                                  
l.32 I
    m biologischen Vorbild repräsentiert diese Summe den eingehenden Reiz i...
You're in trouble here.  Try typing  <return>  to proceed.
If that doesn't work, type  X <return>  to quit.

! Undefined control sequence.
l.32 ...ion \(\sigma(x)\) dargestellt. Wie in \citep
                                                  {bib:NeuronaleNetze} besch...
The control sequence at the end of the top line
of your error message was never \def'ed. If you have
misspelled it (e.g., `\hobx'), type `I' and the correct
spelling (e.g., `I\hbox'). Otherwise just continue,
and I'll forget about whatever was undefined.

! Undefined control sequence.
<write> ...Warning: Reference `eq:Fermi' on page \thepage 
                                                  \space undefined\on@line .
l.32 ...unktionen. Die Fermifunktion (\ref{eq:Fermi}
                                                  ) , auch Logische Funktion...
The control sequence at the end of the top line
of your error message was never \def'ed. If you have
misspelled it (e.g., `\hobx'), type `I' and the correct
spelling (e.g., `I\hbox'). Otherwise just continue,
and I'll forget about whatever was undefined.


LaTeX Warning: Reference `eq:Fermi' on page  undefined on input line 32.

! Undefined control sequence.
<write> ...ing: Reference `sec:Training' on page \thepage 
                                                  \space undefined\on@line .
l.33 ... Was das bedeutet wird in \ref{sec:Training}
                                                   näher erläutert.Wenn de...
The control sequence at the end of the top line
of your error message was never \def'ed. If you have
misspelled it (e.g., `\hobx'), type `I' and the correct
spelling (e.g., `I\hbox'). Otherwise just continue,
and I'll forget about whatever was undefined.


LaTeX Warning: Reference `sec:Training' on page  undefined on input line 33.


Overfull \hbox (20.0pt too wide) in paragraph at lines 32--34
[]Im
 []


Overfull \hbox (5.71527pt too wide) in paragraph at lines 32--34
\OML/cmm/m/it/10 x$\nullfont -
 []


Overfull \hbox (7.42825pt too wide) in paragraph at lines 32--34
\OML/cmm/m/it/10 w$\nullfont -
 []


Overfull \hbox (19.56598pt too wide) in paragraph at lines 32--34
\OML/cmm/m/it/10 \OT1/cmr/m/n/10 (\OML/cmm/m/it/10 x\OT1/cmr/m/n/10 )$
 []


Overfull \hbox (10.85999pt too wide) in paragraph at lines 32--34
([])
 []


Overfull \hbox (34.154pt too wide) in paragraph at lines 32--34
\OML/cmm/m/it/10 tanh\OT1/cmr/m/n/10 (\OML/cmm/m/it/10 x\OT1/cmr/m/n/10 )$
 []


Overfull \hbox (10.85999pt too wide) in paragraph at lines 32--34
[]
 []


! LaTeX Error: Missing \begin{document}.

See the LaTeX manual or LaTeX Companion for explanation.
Type  H <return>  for immediate help.
 ...                                              
                                                  
l.35 \begin{equation}
                   
You're in trouble here.  Try typing  <return>  to proceed.
If that doesn't work, type  X <return>  to quit.


Overfull \hbox (20.0pt too wide) in paragraph at lines 35--35
[] 
 []


Overfull \hbox (90.89711pt too wide) detected at line 38
\OML/cmm/m/it/10 sigma\OT1/cmr/m/n/10 (\OML/cmm/m/it/10 x\OT1/cmr/m/n/10 ) = []
[]
 []

! Undefined control sequence.
l.40 \acrshort
            {acr:knn}s bestehen aus verschiedenen Schichten. Jede dieser Sch...
The control sequence at the end of the top line
of your error message was never \def'ed. If you have
misspelled it (e.g., `\hobx'), type `I' and the correct
spelling (e.g., `I\hbox'). Otherwise just continue,
and I'll forget about whatever was undefined.


! LaTeX Error: Missing \begin{document}.

See the LaTeX manual or LaTeX Companion for explanation.
Type  H <return>  for immediate help.
 ...                                              
                                                  
l.40 \acrshort{a
              cr:knn}s bestehen aus verschiedenen Schichten. Jede dieser Sch...
You're in trouble here.  Try typing  <return>  to proceed.
If that doesn't work, type  X <return>  to quit.

! Undefined control sequence.
l.40 ...p Learning}. In der Regel bestehen \acrshort
                                                  {acr:knn}s aus mindestens ...
The control sequence at the end of the top line
of your error message was never \def'ed. If you have
misspelled it (e.g., `\hobx'), type `I' and the correct
spelling (e.g., `I\hbox'). Otherwise just continue,
and I'll forget about whatever was undefined.


Overfull \hbox (20.0pt too wide) in paragraph at lines 40--41
[]acr:knns
 []


Overfull \hbox (22.88004pt too wide) in paragraph at lines 40--41
\TU/lmr/m/it/10 tiefer
 []


Overfull \hbox (21.35002pt too wide) in paragraph at lines 40--41
\TU/lmr/m/it/10 Deep
 []


Overfull \hbox (28.38002pt too wide) in paragraph at lines 40--41
\TU/lmr/m/it/10 Learn-
 []


Overfull \hbox (13.29001pt too wide) in paragraph at lines 40--41
\TU/lmr/m/it/10 ing\nullfont .
 []

! Undefined control sequence.
l.42 \subsubsection
                 {Eingangschicht}
The control sequence at the end of the top line
of your error message was never \def'ed. If you have
misspelled it (e.g., `\hobx'), type `I' and the correct
spelling (e.g., `I\hbox'). Otherwise just continue,
and I'll forget about whatever was undefined.


! LaTeX Error: Missing \begin{document}.

See the LaTeX manual or LaTeX Companion for explanation.
Type  H <return>  for immediate help.
 ...                                              
                                                  
l.42 \subsubsection{E
                   ingangschicht}
You're in trouble here.  Try typing  <return>  to proceed.
If that doesn't work, type  X <return>  to quit.


Overfull \hbox (20.0pt too wide) in paragraph at lines 42--44
[]Eingangschicht
 []

! Undefined control sequence.
l.45 \subsubsection
                 {Zwischenschicht}
The control sequence at the end of the top line
of your error message was never \def'ed. If you have
misspelled it (e.g., `\hobx'), type `I' and the correct
spelling (e.g., `I\hbox'). Otherwise just continue,
and I'll forget about whatever was undefined.


! LaTeX Error: Missing \begin{document}.

See the LaTeX manual or LaTeX Companion for explanation.
Type  H <return>  for immediate help.
 ...                                              
                                                  
l.45 \subsubsection{Z
                   wischenschicht}
You're in trouble here.  Try typing  <return>  to proceed.
If that doesn't work, type  X <return>  to quit.


Overfull \hbox (20.0pt too wide) in paragraph at lines 45--47
[]Zwischenschicht
 []

! Undefined control sequence.
l.48 \subsubsection
                 {Ausgangsschicht}
The control sequence at the end of the top line
of your error message was never \def'ed. If you have
misspelled it (e.g., `\hobx'), type `I' and the correct
spelling (e.g., `I\hbox'). Otherwise just continue,
and I'll forget about whatever was undefined.


! LaTeX Error: Missing \begin{document}.

See the LaTeX manual or LaTeX Companion for explanation.
Type  H <return>  for immediate help.
 ...                                              
                                                  
l.48 \subsubsection{A
                   usgangsschicht}
You're in trouble here.  Try typing  <return>  to proceed.
If that doesn't work, type  X <return>  to quit.

! Undefined control sequence.
<write> ...Reference `fig:Bilderkennung' on page \thepage 
                                                  \space undefined\on@line .
l.49 ...e handelt. Abbildung \ref{fig:Bilderkennung}
                                                   soll dieses Prinzip nochm...
The control sequence at the end of the top line
of your error message was never \def'ed. If you have
misspelled it (e.g., `\hobx'), type `I' and the correct
spelling (e.g., `I\hbox'). Otherwise just continue,
and I'll forget about whatever was undefined.


LaTeX Warning: Reference `fig:Bilderkennung' on page  undefined on input line 49
.


Overfull \hbox (20.0pt too wide) in paragraph at lines 48--50
[]Ausgangsschicht
 []


Overfull \hbox (6.00235pt too wide) in paragraph at lines 48--50
\OML/cmm/m/it/10 n$
 []


Overfull \hbox (10.85999pt too wide) in paragraph at lines 48--50
[]
 []


! LaTeX Error: Environment figure undefined.

See the LaTeX manual or LaTeX Companion for explanation.
Type  H <return>  for immediate help.
 ...                                              
                                                  
l.51 \begin{figure}
                 %
Your command was ignored.
Type  I <command> <return>  to replace it with another command,
or  <return>  to continue without it.

! Undefined control sequence.
l.53     \includegraphics
                       [width=13cm]{Bilderkennung}\label{fig:Bilderkennung}
The control sequence at the end of the top line
of your error message was never \def'ed. If you have
misspelled it (e.g., `\hobx'), type `I' and the correct
spelling (e.g., `I\hbox'). Otherwise just continue,
and I'll forget about whatever was undefined.


! LaTeX Error: Missing \begin{document}.

See the LaTeX manual or LaTeX Companion for explanation.
Type  H <return>  for immediate help.
 ...                                              
                                                  
l.53     \includegraphics[
                        width=13cm]{Bilderkennung}\label{fig:Bilderkennung}
You're in trouble here.  Try typing  <return>  to proceed.
If that doesn't work, type  X <return>  to quit.


! LaTeX Error: \caption outside float.

See the LaTeX manual or LaTeX Companion for explanation.
Type  H <return>  for immediate help.
 ...                                              
                                                  
l.54     \caption
               {Stark vereinfachte Darstellung eines \acrshort{acr:knn}s zur...
You're in trouble here.  Try typing  <return>  to proceed.
If that doesn't work, type  X <return>  to quit.

! Undefined control sequence.
l.54 ...ark vereinfachte Darstellung eines \acrshort
                                                  {acr:knn}s zur Erkennung v...
The control sequence at the end of the top line
of your error message was never \def'ed. If you have
misspelled it (e.g., `\hobx'), type `I' and the correct
spelling (e.g., `I\hbox'). Otherwise just continue,
and I'll forget about whatever was undefined.


! LaTeX Error: \begin{document} ended by \end{figure}.

See the LaTeX manual or LaTeX Companion for explanation.
Type  H <return>  for immediate help.
 ...                                              
                                                  
l.55 \end{figure}
               
Your command was ignored.
Type  I <command> <return>  to replace it with another command,
or  <return>  to continue without it.

! Undefined control sequence.
l.57 \subsection
              {Trainieren von Neuronalen Netzen}
The control sequence at the end of the top line
of your error message was never \def'ed. If you have
misspelled it (e.g., `\hobx'), type `I' and the correct
spelling (e.g., `I\hbox'). Otherwise just continue,
and I'll forget about whatever was undefined.


! LaTeX Error: Missing \begin{document}.

See the LaTeX manual or LaTeX Companion for explanation.
Type  H <return>  for immediate help.
 ...                                              
                                                  
l.57 \subsection{T
                rainieren von Neuronalen Netzen}
You're in trouble here.  Try typing  <return>  to proceed.
If that doesn't work, type  X <return>  to quit.


Overfull \hbox (20.0pt too wide) in paragraph at lines 57--59
[]Trainieren
 []


! LaTeX Error: Missing \begin{document}.

See the LaTeX manual or LaTeX Companion for explanation.
Type  H <return>  for immediate help.
 ...                                              
                                                  
l.60 L
    ernen ist ein weiter Begriff. Es bedeutet, dass ein System sich in irgen...
You're in trouble here.  Try typing  <return>  to proceed.
If that doesn't work, type  X <return>  to quit.


Overfull \hbox (20.0pt too wide) in paragraph at lines 60--61
[]Lernen
 []


Overfull \hbox (16.62999pt too wide) in paragraph at lines 60--61
(\TU/lmr/m/it/10 Un-
 []


Overfull \hbox (13.04pt too wide) in paragraph at lines 60--61
\TU/lmr/m/it/10 su-
 []


Overfull \hbox (17.00002pt too wide) in paragraph at lines 60--61
\TU/lmr/m/it/10 per-
 []


Overfull \hbox (20.96002pt too wide) in paragraph at lines 60--61
\TU/lmr/m/it/10 vised
 []


Overfull \hbox (28.38002pt too wide) in paragraph at lines 60--61
\TU/lmr/m/it/10 Learn-
 []


Overfull \hbox (13.76001pt too wide) in paragraph at lines 60--61
\TU/lmr/m/it/10 ing\nullfont ),
 []


Overfull \hbox (14.96pt too wide) in paragraph at lines 60--61
(\TU/lmr/m/it/10 Re-
 []


Overfull \hbox (12.27pt too wide) in paragraph at lines 60--61
\TU/lmr/m/it/10 in-
 []


Overfull \hbox (24.16003pt too wide) in paragraph at lines 60--61
\TU/lmr/m/it/10 force-
 []


Overfull \hbox (21.72pt too wide) in paragraph at lines 60--61
\TU/lmr/m/it/10 ment
 []


Overfull \hbox (28.38002pt too wide) in paragraph at lines 60--61
\TU/lmr/m/it/10 Learn-
 []


Overfull \hbox (13.76001pt too wide) in paragraph at lines 60--61
\TU/lmr/m/it/10 ing\nullfont )
 []

! Undefined control sequence.
l.64 \section
           {Das C.LABEL Tool}
The control sequence at the end of the top line
of your error message was never \def'ed. If you have
misspelled it (e.g., `\hobx'), type `I' and the correct
spelling (e.g., `I\hbox'). Otherwise just continue,
and I'll forget about whatever was undefined.


! LaTeX Error: Missing \begin{document}.

See the LaTeX manual or LaTeX Companion for explanation.
Type  H <return>  for immediate help.
 ...                                              
                                                  
l.64 \section{D
             as C.LABEL Tool}
You're in trouble here.  Try typing  <return>  to proceed.
If that doesn't work, type  X <return>  to quit.


Overfull \hbox (20.0pt too wide) in paragraph at lines 64--68
[]Das
 []

! Undefined control sequence.
l.69 \section
           {Die Unity Engine}
The control sequence at the end of the top line
of your error message was never \def'ed. If you have
misspelled it (e.g., `\hobx'), type `I' and the correct
spelling (e.g., `I\hbox'). Otherwise just continue,
and I'll forget about whatever was undefined.


! LaTeX Error: Missing \begin{document}.

See the LaTeX manual or LaTeX Companion for explanation.
Type  H <return>  for immediate help.
 ...                                              
                                                  
l.69 \section{D
             ie Unity Engine}
You're in trouble here.  Try typing  <return>  to proceed.
If that doesn't work, type  X <return>  to quit.


Overfull \hbox (20.0pt too wide) in paragraph at lines 69--71
[]Die
 []

)
! Emergency stop.
<*> Grundlagen.tex
               
*** (job aborted, no legal \end found)



Here is how much of LuaTeX's memory you used:
 39 strings out of 494456
 100000,89155 words of node,token memory allocated 68745 words of node memory still in use:
   162 hlist, 2 vlist, 1 rule, 15 disc, 21 local_par, 1 dir, 12 math, 1438 glue,
 34 kern, 67 penalty, 7953 glyph, 127 attribute, 35 glue_spec, 127 attribute_lis
t, 8 write nodes
   avail lists: 1:1,2:2,4:160,5:1,7:11,8:18,10:159
 4279 multiletter control sequences out of 65536+200000
 27 fonts using 1608167 bytes
 18i,3n,21p,1681b,116s stack positions out of 5000i,500n,10000p,200000b,50000s
!  ==> Fatal error occurred, no output PDF file produced!
